****                   ADMIXTURE Version 1.3.0                  ****
****                    Copyright 2008-2015                     ****
****           David Alexander, Suyash Shringarpure,            ****
****                John  Novembre, Ken Lange                   ****
****                                                            ****
****                 Please cite our paper!                     ****
****   Information at www.genetics.ucla.edu/software/admixture  ****

Cross-validation will be performed.  Folds=5.
Parallel execution requested.  Will use 8 threads.
Random seed: 43
Point estimation method: Block relaxation algorithm
Convergence acceleration algorithm: QuasiNewton, 3 secant conditions
Point estimation will terminate when objective function delta < 0.0001
Estimation of standard errors disabled; will compute point estimates only.
Size of G: 160x14233
Performing five EM steps to prime main algorithm
1 (EM) 	Elapsed: 0.236	Loglikelihood: -2.21788e+06	(delta): 2.38477e+06
2 (EM) 	Elapsed: 0.233	Loglikelihood: -2.21788e+06	(delta): 0
3 (EM) 	Elapsed: 0.231	Loglikelihood: -2.21788e+06	(delta): 0
4 (EM) 	Elapsed: 0.232	Loglikelihood: -2.21788e+06	(delta): 4.65661e-10
5 (EM) 	Elapsed: 0.232	Loglikelihood: -2.21788e+06	(delta): -4.65661e-10
Initial loglikelihood: -2.21788e+06
Starting main algorithm
1 (QN/Block) 	Elapsed: 0.553	Loglikelihood: -2.21788e+06	(delta): 0
Summary: 
Converged in 1 iterations (1.855 sec)
Loglikelihood: -2217875.776712
CV error (K=1): 0.58164
Writing output files.
