****                   ADMIXTURE Version 1.3.0                  ****
****                    Copyright 2008-2015                     ****
****           David Alexander, Suyash Shringarpure,            ****
****                John  Novembre, Ken Lange                   ****
****                                                            ****
****                 Please cite our paper!                     ****
****   Information at www.genetics.ucla.edu/software/admixture  ****

Cross-validation will be performed.  Folds=5.
Parallel execution requested.  Will use 8 threads.
Random seed: 43
Point estimation method: Block relaxation algorithm
Convergence acceleration algorithm: QuasiNewton, 3 secant conditions
Point estimation will terminate when objective function delta < 0.0001
Estimation of standard errors disabled; will compute point estimates only.
Size of G: 160x14233
Performing five EM steps to prime main algorithm
1 (EM) 	Elapsed: 0.29	Loglikelihood: -2.30958e+06	(delta): 1.62841e+06
2 (EM) 	Elapsed: 0.295	Loglikelihood: -2.24475e+06	(delta): 64826.7
3 (EM) 	Elapsed: 0.308	Loglikelihood: -2.22556e+06	(delta): 19188.6
4 (EM) 	Elapsed: 0.289	Loglikelihood: -2.21689e+06	(delta): 8669.5
5 (EM) 	Elapsed: 0.289	Loglikelihood: -2.21278e+06	(delta): 4115.01
Initial loglikelihood: -2.21278e+06
Starting main algorithm
1 (QN/Block) 	Elapsed: 0.606	Loglikelihood: -2.16931e+06	(delta): 43462
2 (QN/Block) 	Elapsed: 0.598	Loglikelihood: -2.13182e+06	(delta): 37492.1
3 (QN/Block) 	Elapsed: 0.691	Loglikelihood: -2.11953e+06	(delta): 12290
4 (QN/Block) 	Elapsed: 0.804	Loglikelihood: -2.07815e+06	(delta): 41382.7
5 (QN/Block) 	Elapsed: 0.771	Loglikelihood: -2.06611e+06	(delta): 12041.8
6 (QN/Block) 	Elapsed: 0.775	Loglikelihood: -2.06415e+06	(delta): 1956.64
7 (QN/Block) 	Elapsed: 0.775	Loglikelihood: -2.06328e+06	(delta): 870.591
8 (QN/Block) 	Elapsed: 0.77	Loglikelihood: -2.06319e+06	(delta): 93.5543
9 (QN/Block) 	Elapsed: 0.742	Loglikelihood: -2.06317e+06	(delta): 14.9189
10 (QN/Block) 	Elapsed: 0.695	Loglikelihood: -2.06316e+06	(delta): 5.93935
11 (QN/Block) 	Elapsed: 0.771	Loglikelihood: -2.06316e+06	(delta): 0.164107
12 (QN/Block) 	Elapsed: 0.69	Loglikelihood: -2.06316e+06	(delta): 0.0116966
13 (QN/Block) 	Elapsed: 0.688	Loglikelihood: -2.06316e+06	(delta): 0.000846152
14 (QN/Block) 	Elapsed: 0.687	Loglikelihood: -2.06316e+06	(delta): 6.53418e-05
Summary: 
Converged in 14 iterations (12.165 sec)
Loglikelihood: -2063164.744643
Fst divergences between estimated populations: 
	Pop0	
Pop0	
Pop1	0.231	
CV error (K=2): 0.52033
Writing output files.
