****                   ADMIXTURE Version 1.3.0                  ****
****                    Copyright 2008-2015                     ****
****           David Alexander, Suyash Shringarpure,            ****
****                John  Novembre, Ken Lange                   ****
****                                                            ****
****                 Please cite our paper!                     ****
****   Information at www.genetics.ucla.edu/software/admixture  ****

Cross-validation will be performed.  Folds=5.
Parallel execution requested.  Will use 8 threads.
Random seed: 43
Point estimation method: Block relaxation algorithm
Convergence acceleration algorithm: QuasiNewton, 3 secant conditions
Point estimation will terminate when objective function delta < 0.0001
Estimation of standard errors disabled; will compute point estimates only.
Size of G: 160x14233
Performing five EM steps to prime main algorithm
1 (EM) 	Elapsed: 0.403	Loglikelihood: -2.32827e+06	(delta): 1.34999e+06
2 (EM) 	Elapsed: 0.373	Loglikelihood: -2.25965e+06	(delta): 68624
3 (EM) 	Elapsed: 0.372	Loglikelihood: -2.23664e+06	(delta): 23001.8
4 (EM) 	Elapsed: 0.368	Loglikelihood: -2.22358e+06	(delta): 13065.7
5 (EM) 	Elapsed: 0.425	Loglikelihood: -2.21541e+06	(delta): 8172.02
Initial loglikelihood: -2.21541e+06
Starting main algorithm
1 (QN/Block) 	Elapsed: 0.702	Loglikelihood: -2.07355e+06	(delta): 141859
2 (QN/Block) 	Elapsed: 0.689	Loglikelihood: -2.03282e+06	(delta): 40727.3
3 (QN/Block) 	Elapsed: 0.737	Loglikelihood: -2.01937e+06	(delta): 13449.9
4 (QN/Block) 	Elapsed: 0.8	Loglikelihood: -2.00824e+06	(delta): 11129.6
5 (QN/Block) 	Elapsed: 0.774	Loglikelihood: -2.00575e+06	(delta): 2489.57
6 (QN/Block) 	Elapsed: 0.79	Loglikelihood: -2.00557e+06	(delta): 175.969
7 (QN/Block) 	Elapsed: 0.731	Loglikelihood: -2.00555e+06	(delta): 28.2845
8 (QN/Block) 	Elapsed: 0.732	Loglikelihood: -2.00554e+06	(delta): 3.45357
9 (QN/Block) 	Elapsed: 0.732	Loglikelihood: -2.00554e+06	(delta): 0.802635
10 (QN/Block) 	Elapsed: 0.743	Loglikelihood: -2.00554e+06	(delta): 0.344706
11 (QN/Block) 	Elapsed: 0.733	Loglikelihood: -2.00554e+06	(delta): 0.0557652
12 (QN/Block) 	Elapsed: 0.743	Loglikelihood: -2.00554e+06	(delta): 0.00905014
13 (QN/Block) 	Elapsed: 0.744	Loglikelihood: -2.00554e+06	(delta): 0.00102906
14 (QN/Block) 	Elapsed: 0.735	Loglikelihood: -2.00554e+06	(delta): 0.000239133
15 (QN/Block) 	Elapsed: 0.744	Loglikelihood: -2.00554e+06	(delta): 2.13985e-05
Summary: 
Converged in 15 iterations (14.059 sec)
Loglikelihood: -2005541.551703
Fst divergences between estimated populations: 
	Pop0	Pop1	
Pop0	
Pop1	0.243	
Pop2	0.133	0.145	
CV error (K=3): 0.50282
Writing output files.
