****                   ADMIXTURE Version 1.3.0                  ****
****                    Copyright 2008-2015                     ****
****           David Alexander, Suyash Shringarpure,            ****
****                John  Novembre, Ken Lange                   ****
****                                                            ****
****                 Please cite our paper!                     ****
****   Information at www.genetics.ucla.edu/software/admixture  ****

Cross-validation will be performed.  Folds=5.
Parallel execution requested.  Will use 8 threads.
Random seed: 43
Point estimation method: Block relaxation algorithm
Convergence acceleration algorithm: QuasiNewton, 3 secant conditions
Point estimation will terminate when objective function delta < 0.0001
Estimation of standard errors disabled; will compute point estimates only.
Size of G: 160x14233
Performing five EM steps to prime main algorithm
1 (EM) 	Elapsed: 0.511	Loglikelihood: -2.33031e+06	(delta): 1.21261e+06
2 (EM) 	Elapsed: 0.5	Loglikelihood: -2.26412e+06	(delta): 66183.2
3 (EM) 	Elapsed: 0.499	Loglikelihood: -2.24292e+06	(delta): 21203.2
4 (EM) 	Elapsed: 0.499	Loglikelihood: -2.23e+06	(delta): 12923.7
5 (EM) 	Elapsed: 0.499	Loglikelihood: -2.22102e+06	(delta): 8972.08
Initial loglikelihood: -2.22102e+06
Starting main algorithm
1 (QN/Block) 	Elapsed: 0.705	Loglikelihood: -2.09934e+06	(delta): 121681
2 (QN/Block) 	Elapsed: 0.693	Loglikelihood: -2.01321e+06	(delta): 86136.2
3 (QN/Block) 	Elapsed: 0.856	Loglikelihood: -1.99666e+06	(delta): 16545.1
4 (QN/Block) 	Elapsed: 0.915	Loglikelihood: -1.98525e+06	(delta): 11411.4
5 (QN/Block) 	Elapsed: 0.856	Loglikelihood: -1.97865e+06	(delta): 6595.34
6 (QN/Block) 	Elapsed: 0.85	Loglikelihood: -1.97716e+06	(delta): 1493.75
7 (QN/Block) 	Elapsed: 0.854	Loglikelihood: -1.97664e+06	(delta): 520.644
8 (QN/Block) 	Elapsed: 0.87	Loglikelihood: -1.97643e+06	(delta): 205.374
9 (QN/Block) 	Elapsed: 0.881	Loglikelihood: -1.97638e+06	(delta): 51.8019
10 (QN/Block) 	Elapsed: 0.85	Loglikelihood: -1.97635e+06	(delta): 36.8947
11 (QN/Block) 	Elapsed: 0.851	Loglikelihood: -1.97631e+06	(delta): 32.3859
12 (QN/Block) 	Elapsed: 0.868	Loglikelihood: -1.97626e+06	(delta): 51.6479
13 (QN/Block) 	Elapsed: 0.875	Loglikelihood: -1.97621e+06	(delta): 54.1822
14 (QN/Block) 	Elapsed: 0.85	Loglikelihood: -1.9761e+06	(delta): 102.887
15 (QN/Block) 	Elapsed: 0.926	Loglikelihood: -1.97599e+06	(delta): 117.486
16 (QN/Block) 	Elapsed: 0.965	Loglikelihood: -1.97585e+06	(delta): 132.65
17 (QN/Block) 	Elapsed: 0.865	Loglikelihood: -1.97567e+06	(delta): 183.173
18 (QN/Block) 	Elapsed: 0.873	Loglikelihood: -1.97559e+06	(delta): 84.7746
19 (QN/Block) 	Elapsed: 0.875	Loglikelihood: -1.97551e+06	(delta): 76.6904
20 (QN/Block) 	Elapsed: 0.869	Loglikelihood: -1.97548e+06	(delta): 26.044
21 (QN/Block) 	Elapsed: 0.871	Loglikelihood: -1.97546e+06	(delta): 22.6851
22 (QN/Block) 	Elapsed: 0.923	Loglikelihood: -1.97544e+06	(delta): 17.0577
23 (QN/Block) 	Elapsed: 0.924	Loglikelihood: -1.97538e+06	(delta): 61.6762
24 (QN/Block) 	Elapsed: 0.975	Loglikelihood: -1.97534e+06	(delta): 42.8165
25 (QN/Block) 	Elapsed: 0.872	Loglikelihood: -1.9753e+06	(delta): 43.0188
26 (QN/Block) 	Elapsed: 0.867	Loglikelihood: -1.97527e+06	(delta): 27.1942
27 (QN/Block) 	Elapsed: 0.853	Loglikelihood: -1.97524e+06	(delta): 28.618
28 (QN/Block) 	Elapsed: 0.881	Loglikelihood: -1.97522e+06	(delta): 23.3841
29 (QN/Block) 	Elapsed: 0.854	Loglikelihood: -1.97518e+06	(delta): 39.3645
30 (QN/Block) 	Elapsed: 0.977	Loglikelihood: -1.97504e+06	(delta): 134.641
31 (QN/Block) 	Elapsed: 1.029	Loglikelihood: -1.97492e+06	(delta): 119.225
32 (QN/Block) 	Elapsed: 0.859	Loglikelihood: -1.97469e+06	(delta): 235.047
33 (QN/Block) 	Elapsed: 0.913	Loglikelihood: -1.97446e+06	(delta): 230.936
34 (QN/Block) 	Elapsed: 0.921	Loglikelihood: -1.97431e+06	(delta): 147.362
35 (QN/Block) 	Elapsed: 0.869	Loglikelihood: -1.97424e+06	(delta): 73.0924
36 (QN/Block) 	Elapsed: 0.867	Loglikelihood: -1.9742e+06	(delta): 36.1337
37 (QN/Block) 	Elapsed: 0.868	Loglikelihood: -1.97419e+06	(delta): 9.80737
38 (QN/Block) 	Elapsed: 0.867	Loglikelihood: -1.97419e+06	(delta): 3.03463
39 (QN/Block) 	Elapsed: 0.869	Loglikelihood: -1.97419e+06	(delta): 0.842501
40 (QN/Block) 	Elapsed: 0.87	Loglikelihood: -1.97419e+06	(delta): 0.560449
41 (QN/Block) 	Elapsed: 0.845	Loglikelihood: -1.97419e+06	(delta): 0.0404023
42 (QN/Block) 	Elapsed: 0.852	Loglikelihood: -1.97419e+06	(delta): 0.00553917
43 (QN/Block) 	Elapsed: 0.874	Loglikelihood: -1.97419e+06	(delta): 0.000750407
44 (QN/Block) 	Elapsed: 0.856	Loglikelihood: -1.97419e+06	(delta): 1.02737e-05
Summary: 
Converged in 44 iterations (43.817 sec)
Loglikelihood: -1974187.510519
Fst divergences between estimated populations: 
	Pop0	Pop1	Pop2	
Pop0	
Pop1	0.170	
Pop2	0.175	0.159	
Pop3	0.245	0.167	0.197	
CV error (K=4): 0.49786
Writing output files.
