****                   ADMIXTURE Version 1.3.0                  ****
****                    Copyright 2008-2015                     ****
****           David Alexander, Suyash Shringarpure,            ****
****                John  Novembre, Ken Lange                   ****
****                                                            ****
****                 Please cite our paper!                     ****
****   Information at www.genetics.ucla.edu/software/admixture  ****

Cross-validation will be performed.  Folds=5.
Parallel execution requested.  Will use 8 threads.
Random seed: 43
Point estimation method: Block relaxation algorithm
Convergence acceleration algorithm: QuasiNewton, 3 secant conditions
Point estimation will terminate when objective function delta < 0.0001
Estimation of standard errors disabled; will compute point estimates only.
Size of G: 160x14233
Performing five EM steps to prime main algorithm
1 (EM) 	Elapsed: 0.649	Loglikelihood: -2.32359e+06	(delta): 1.13257e+06
2 (EM) 	Elapsed: 0.641	Loglikelihood: -2.25948e+06	(delta): 64115.5
3 (EM) 	Elapsed: 0.638	Loglikelihood: -2.24029e+06	(delta): 19189
4 (EM) 	Elapsed: 0.638	Loglikelihood: -2.22762e+06	(delta): 12672.4
5 (EM) 	Elapsed: 0.639	Loglikelihood: -2.21749e+06	(delta): 10124.8
Initial loglikelihood: -2.21749e+06
Starting main algorithm
1 (QN/Block) 	Elapsed: 0.62	Loglikelihood: -2.02037e+06	(delta): 197121
2 (QN/Block) 	Elapsed: 0.62	Loglikelihood: -1.97149e+06	(delta): 48884.2
3 (QN/Block) 	Elapsed: 0.822	Loglikelihood: -1.95658e+06	(delta): 14904.8
4 (QN/Block) 	Elapsed: 0.824	Loglikelihood: -1.95068e+06	(delta): 5899.71
5 (QN/Block) 	Elapsed: 0.826	Loglikelihood: -1.94915e+06	(delta): 1530.55
6 (QN/Block) 	Elapsed: 0.826	Loglikelihood: -1.94881e+06	(delta): 339.853
7 (QN/Block) 	Elapsed: 0.827	Loglikelihood: -1.94865e+06	(delta): 165.165
8 (QN/Block) 	Elapsed: 0.838	Loglikelihood: -1.94854e+06	(delta): 109.512
9 (QN/Block) 	Elapsed: 0.835	Loglikelihood: -1.94849e+06	(delta): 46.2399
10 (QN/Block) 	Elapsed: 0.836	Loglikelihood: -1.94845e+06	(delta): 37.6431
11 (QN/Block) 	Elapsed: 0.831	Loglikelihood: -1.94843e+06	(delta): 20.0577
12 (QN/Block) 	Elapsed: 0.866	Loglikelihood: -1.94833e+06	(delta): 101.638
13 (QN/Block) 	Elapsed: 0.967	Loglikelihood: -1.94832e+06	(delta): 11.3477
14 (QN/Block) 	Elapsed: 0.828	Loglikelihood: -1.94831e+06	(delta): 6.65562
15 (QN/Block) 	Elapsed: 0.83	Loglikelihood: -1.94831e+06	(delta): 5.95618
16 (QN/Block) 	Elapsed: 0.826	Loglikelihood: -1.9483e+06	(delta): 2.11261
17 (QN/Block) 	Elapsed: 0.83	Loglikelihood: -1.9483e+06	(delta): 0.548422
18 (QN/Block) 	Elapsed: 0.833	Loglikelihood: -1.9483e+06	(delta): 0.129994
19 (QN/Block) 	Elapsed: 0.824	Loglikelihood: -1.9483e+06	(delta): 0.101723
20 (QN/Block) 	Elapsed: 0.825	Loglikelihood: -1.9483e+06	(delta): 0.0142281
21 (QN/Block) 	Elapsed: 0.825	Loglikelihood: -1.9483e+06	(delta): 0.00314797
22 (QN/Block) 	Elapsed: 0.781	Loglikelihood: -1.9483e+06	(delta): 0.000624195
23 (QN/Block) 	Elapsed: 0.783	Loglikelihood: -1.9483e+06	(delta): 0.000237867
24 (QN/Block) 	Elapsed: 0.783	Loglikelihood: -1.9483e+06	(delta): 2.52039e-05
Summary: 
Converged in 24 iterations (24.852 sec)
Loglikelihood: -1948303.575726
Fst divergences between estimated populations: 
	Pop0	Pop1	Pop2	Pop3	
Pop0	
Pop1	0.254	
Pop2	0.274	0.201	
Pop3	0.233	0.264	0.299	
Pop4	0.228	0.188	0.169	0.216	
CV error (K=5): 0.49374
Writing output files.
